<?xml version="1.0" encoding="UTF-8"?>
<testng-results skipped="0" failed="0" ignored="0" total="1" passed="1">
  <reporter-output>
  </reporter-output>
  <suite name="Suite" duration-ms="72374" started-at="2019-11-23T15:08:35 IST" finished-at="2019-11-23T15:09:47 IST">
    <groups>
    </groups>
    <test name="Test" duration-ms="72374" started-at="2019-11-23T15:08:35 IST" finished-at="2019-11-23T15:09:47 IST">
      <class name="autoAmazon.amazonTest.SeleniumTest">
        <test-method status="PASS" signature="deliveryOfProduct()[pri:0, instance:autoAmazon.amazonTest.SeleniumTest@50b494a6]" name="deliveryOfProduct" duration-ms="72347" started-at="2019-11-23T15:08:35 IST" finished-at="2019-11-23T15:09:47 IST">
          <reporter-output>
          </reporter-output>
        </test-method> <!-- deliveryOfProduct -->
      </class> <!-- autoAmazon.amazonTest.SeleniumTest -->
    </test> <!-- Test -->
  </suite> <!-- Suite -->
</testng-results>
